0 info it worked if it ends with ok
1 verbose cli [ 'c:\\Users\\user-it1\\AppData\\Local\\atom\\app-0.182.0\\resources\\app\\apm\\bin\\node.exe',
1 verbose cli   'c:\\Users\\user-it1\\AppData\\Roaming\\npm\\node_modules\\npm\\bin\\npm-cli.js',
1 verbose cli   'install',
1 verbose cli   'hiredis' ]
2 info using npm@2.1.7
3 info using node@v0.10.35
4 silly cache add args [ 'hiredis', null ]
5 verbose cache add spec hiredis
6 silly cache add parsed spec { raw: 'hiredis',
6 silly cache add   scope: null,
6 silly cache add   name: 'hiredis',
6 silly cache add   rawSpec: '',
6 silly cache add   spec: '*',
6 silly cache add   type: 'range' }
7 verbose addNamed hiredis@*
8 silly addNamed semver.valid null
9 silly addNamed semver.validRange *
10 silly addNameRange { name: 'hiredis', range: '*', hasData: false }
11 silly mapToRegistry name hiredis
12 silly mapToRegistry using default registry
13 silly mapToRegistry registry https://registry.npmjs.org/
14 silly mapToRegistry uri https://registry.npmjs.org/hiredis
15 verbose addNameRange registry:https://registry.npmjs.org/hiredis not in flight; fetching
16 verbose request uri https://registry.npmjs.org/hiredis
17 verbose request no auth needed
18 info attempt registry request try #1 at 11:54:56
19 verbose request id de4da6def68c5733
20 http request GET https://registry.npmjs.org/hiredis
21 http 200 https://registry.npmjs.org/hiredis
22 silly get cb [ 200,
22 silly get   { server: 'CouchDB/1.5.0 (Erlang OTP/R16B03)',
22 silly get     etag: '"BPCMUT7CDYC98344ML2FI704"',
22 silly get     'content-type': 'application/json',
22 silly get     'cache-control': 'max-age=60',
22 silly get     'content-length': '19197',
22 silly get     'accept-ranges': 'bytes',
22 silly get     date: 'Mon, 15 Jun 2015 08:54:56 GMT',
22 silly get     via: '1.1 varnish',
22 silly get     age: '0',
22 silly get     connection: 'keep-alive',
22 silly get     'x-served-by': 'cache-lhr6322-LHR',
22 silly get     'x-cache': 'HIT',
22 silly get     'x-cache-hits': '1',
22 silly get     'x-timer': 'S1434358496.882529,VS0,VE97',
22 silly get     vary: 'Accept' } ]
23 silly addNameRange number 2 { name: 'hiredis', range: '*', hasData: true }
24 silly addNameRange versions [ 'hiredis',
24 silly addNameRange   [ '0.1.0',
24 silly addNameRange     '0.1.1',
24 silly addNameRange     '0.1.2',
24 silly addNameRange     '0.1.3',
24 silly addNameRange     '0.1.4',
24 silly addNameRange     '0.1.5',
24 silly addNameRange     '0.1.6',
24 silly addNameRange     '0.1.8',
24 silly addNameRange     '0.1.9',
24 silly addNameRange     '0.1.10',
24 silly addNameRange     '0.1.12',
24 silly addNameRange     '0.1.13',
24 silly addNameRange     '0.1.14',
24 silly addNameRange     '0.1.15',
24 silly addNameRange     '0.1.16',
24 silly addNameRange     '0.1.17',
24 silly addNameRange     '0.2.0',
24 silly addNameRange     '0.3.0',
24 silly addNameRange     '0.4.0' ] ]
25 verbose addNamed hiredis@0.4.0
26 silly addNamed semver.valid 0.4.0
27 silly addNamed semver.validRange 0.4.0
28 silly mapToRegistry name hiredis
29 silly mapToRegistry using default registry
30 silly mapToRegistry registry https://registry.npmjs.org/
31 silly mapToRegistry uri https://registry.npmjs.org/hiredis
32 verbose addRemoteTarball https://registry.npmjs.org/hiredis/-/hiredis-0.4.0.tgz not in flight; adding
33 verbose addRemoteTarball [ 'https://registry.npmjs.org/hiredis/-/hiredis-0.4.0.tgz',
33 verbose addRemoteTarball   '5c5fb3d3a306bc2ed9bfa92449753f21e34247de' ]
34 info retry fetch attempt 1 at 11:54:57
35 info attempt registry request try #1 at 11:54:57
36 http fetch GET https://registry.npmjs.org/hiredis/-/hiredis-0.4.0.tgz
37 http fetch 200 https://registry.npmjs.org/hiredis/-/hiredis-0.4.0.tgz
38 silly fetchAndShaCheck shasum 5c5fb3d3a306bc2ed9bfa92449753f21e34247de
39 verbose addTmpTarball C:\Users\user-it1\AppData\Local\Temp\npm-3448-01251cd4\registry.npmjs.org\hiredis\-\hiredis-0.4.0.tgz not in flight; adding
40 verbose addTmpTarball already have metadata; skipping unpack for hiredis@0.4.0
41 silly cache afterAdd hiredis@0.4.0
42 verbose afterAdd C:\Users\user-it1\AppData\Roaming\npm-cache\hiredis\0.4.0\package\package.json not in flight; writing
43 verbose afterAdd C:\Users\user-it1\AppData\Roaming\npm-cache\hiredis\0.4.0\package\package.json written
44 silly install resolved [ { name: 'hiredis',
44 silly install resolved     description: 'Wrapper for reply processing code in hiredis',
44 silly install resolved     version: '0.4.0',
44 silly install resolved     homepage: 'http://github.com/redis/hiredis-node',
44 silly install resolved     author: { name: 'Jan-Erik Rediger', email: 'janerik@fnordig.de' },
44 silly install resolved     contributors: [ [Object] ],
44 silly install resolved     main: 'hiredis',
44 silly install resolved     scripts:
44 silly install resolved      { test: 'node test/reader.js && node test/writer.js',
44 silly install resolved        install: 'node-gyp rebuild' },
44 silly install resolved     dependencies: { bindings: '*', nan: '^1.8.4' },
44 silly install resolved     engines: { node: '>= 0.8.0' },
44 silly install resolved     repository:
44 silly install resolved      { type: 'git',
44 silly install resolved        url: 'git+https://github.com/redis/hiredis-node.git' },
44 silly install resolved     bugs: { url: 'https://github.com/redis/hiredis-node/issues' },
44 silly install resolved     license: 'BSD-3-Clause',
44 silly install resolved     gypfile: true,
44 silly install resolved     gitHead: '182b376dfb04ba308e69f3172b1b72172a76ada5',
44 silly install resolved     _id: 'hiredis@0.4.0',
44 silly install resolved     _shasum: '5c5fb3d3a306bc2ed9bfa92449753f21e34247de',
44 silly install resolved     _from: 'hiredis@*',
44 silly install resolved     _npmVersion: '2.10.1',
44 silly install resolved     _nodeVersion: '0.12.4',
44 silly install resolved     _npmUser: { name: 'badboy_', email: 'janerik@fnordig.de' },
44 silly install resolved     maintainers: [ [Object], [Object] ],
44 silly install resolved     dist:
44 silly install resolved      { shasum: '5c5fb3d3a306bc2ed9bfa92449753f21e34247de',
44 silly install resolved        tarball: 'http://registry.npmjs.org/hiredis/-/hiredis-0.4.0.tgz' },
44 silly install resolved     directories: {},
44 silly install resolved     _resolved: 'https://registry.npmjs.org/hiredis/-/hiredis-0.4.0.tgz' } ]
45 info install hiredis@0.4.0 into d:\projects\node\infrastructure
46 info installOne hiredis@0.4.0
47 verbose installOne of hiredis to d:\projects\node\infrastructure not in flight; installing
48 verbose lock using C:\Users\user-it1\AppData\Roaming\npm-cache\_locks\hiredis-b02f955530223b4b.lock for d:\projects\node\infrastructure\node_modules\hiredis
49 silly install write writing hiredis 0.4.0 to d:\projects\node\infrastructure\node_modules\hiredis
50 silly cache addNamed cb hiredis@0.4.0
51 verbose unbuild node_modules\hiredis
52 verbose gentlyRm vacuuming d:\projects\node\infrastructure\node_modules\hiredis
53 verbose tar unpack C:\Users\user-it1\AppData\Roaming\npm-cache\hiredis\0.4.0\package.tgz
54 verbose tar unpacking to d:\projects\node\infrastructure\node_modules\hiredis
55 verbose gentlyRm vacuuming d:\projects\node\infrastructure\node_modules\hiredis
56 silly gunzTarPerm modes [ '777', '666' ]
57 silly gunzTarPerm extractEntry package.json
58 silly gunzTarPerm modified mode [ 'package.json', 420, 438 ]
59 silly gunzTarPerm extractEntry .npmignore
60 silly gunzTarPerm modified mode [ '.npmignore', 420, 438 ]
61 silly gunzTarPerm extractEntry README.md
62 silly gunzTarPerm modified mode [ 'README.md', 420, 438 ]
63 silly gunzTarPerm extractEntry bench.js
64 silly gunzTarPerm modified mode [ 'bench.js', 420, 438 ]
65 silly gunzTarPerm extractEntry hiredis.js
66 silly gunzTarPerm modified mode [ 'hiredis.js', 420, 438 ]
67 silly gunzTarPerm extractEntry COPYING
68 silly gunzTarPerm modified mode [ 'COPYING', 420, 438 ]
69 silly gunzTarPerm extractEntry Makefile
70 silly gunzTarPerm modified mode [ 'Makefile', 420, 438 ]
71 silly gunzTarPerm extractEntry appveyor.yml
72 silly gunzTarPerm modified mode [ 'appveyor.yml', 420, 438 ]
73 silly gunzTarPerm extractEntry .gitmodules
74 silly gunzTarPerm modified mode [ '.gitmodules', 420, 438 ]
75 silly gunzTarPerm extractEntry binding.gyp
76 silly gunzTarPerm modified mode [ 'binding.gyp', 420, 438 ]
77 silly gunzTarPerm extractEntry deps/hiredis/.npmignore
78 silly gunzTarPerm modified mode [ 'deps/hiredis/.npmignore', 420, 438 ]
79 silly gunzTarPerm extractEntry deps/hiredis/README.md
80 silly gunzTarPerm modified mode [ 'deps/hiredis/README.md', 420, 438 ]
81 silly gunzTarPerm extractEntry deps/hiredis/CHANGELOG.md
82 silly gunzTarPerm modified mode [ 'deps/hiredis/CHANGELOG.md', 420, 438 ]
83 silly gunzTarPerm extractEntry deps/hiredis/COPYING
84 silly gunzTarPerm modified mode [ 'deps/hiredis/COPYING', 420, 438 ]
85 silly gunzTarPerm extractEntry deps/hiredis/Makefile
86 silly gunzTarPerm modified mode [ 'deps/hiredis/Makefile', 420, 438 ]
87 silly gunzTarPerm extractEntry deps/hiredis/win32.h
88 silly gunzTarPerm modified mode [ 'deps/hiredis/win32.h', 420, 438 ]
89 silly gunzTarPerm extractEntry deps/hiredis/adapters/ae.h
90 silly gunzTarPerm modified mode [ 'deps/hiredis/adapters/ae.h', 420, 438 ]
91 silly gunzTarPerm extractEntry deps/hiredis/adapters/glib.h
92 silly gunzTarPerm modified mode [ 'deps/hiredis/adapters/glib.h', 420, 438 ]
93 silly gunzTarPerm extractEntry deps/hiredis/adapters/libev.h
94 silly gunzTarPerm modified mode [ 'deps/hiredis/adapters/libev.h', 420, 438 ]
95 silly gunzTarPerm extractEntry deps/hiredis/adapters/libevent.h
96 silly gunzTarPerm modified mode [ 'deps/hiredis/adapters/libevent.h', 420, 438 ]
97 silly gunzTarPerm extractEntry deps/hiredis/adapters/libuv.h
98 silly gunzTarPerm modified mode [ 'deps/hiredis/adapters/libuv.h', 420, 438 ]
99 silly gunzTarPerm extractEntry deps/hiredis/async.c
100 silly gunzTarPerm modified mode [ 'deps/hiredis/async.c', 420, 438 ]
101 silly gunzTarPerm extractEntry deps/hiredis/async.h
102 silly gunzTarPerm modified mode [ 'deps/hiredis/async.h', 420, 438 ]
103 silly gunzTarPerm extractEntry deps/hiredis/dict.c
104 silly gunzTarPerm modified mode [ 'deps/hiredis/dict.c', 420, 438 ]
105 silly gunzTarPerm extractEntry deps/hiredis/dict.h
106 silly gunzTarPerm modified mode [ 'deps/hiredis/dict.h', 420, 438 ]
107 silly gunzTarPerm extractEntry deps/hiredis/.travis.yml
108 silly gunzTarPerm modified mode [ 'deps/hiredis/.travis.yml', 420, 438 ]
109 silly gunzTarPerm extractEntry deps/hiredis/fmacros.h
110 silly gunzTarPerm modified mode [ 'deps/hiredis/fmacros.h', 420, 438 ]
111 silly gunzTarPerm extractEntry deps/hiredis/hiredis.c
112 silly gunzTarPerm modified mode [ 'deps/hiredis/hiredis.c', 420, 438 ]
113 silly gunzTarPerm extractEntry deps/hiredis/hiredis.h
114 silly gunzTarPerm modified mode [ 'deps/hiredis/hiredis.h', 420, 438 ]
115 silly gunzTarPerm extractEntry deps/hiredis/net.c
116 silly gunzTarPerm modified mode [ 'deps/hiredis/net.c', 420, 438 ]
117 silly gunzTarPerm extractEntry deps/hiredis/net.h
118 silly gunzTarPerm modified mode [ 'deps/hiredis/net.h', 420, 438 ]
119 silly gunzTarPerm extractEntry deps/hiredis/read.c
120 silly gunzTarPerm modified mode [ 'deps/hiredis/read.c', 420, 438 ]
121 silly gunzTarPerm extractEntry deps/hiredis/read.h
122 silly gunzTarPerm modified mode [ 'deps/hiredis/read.h', 420, 438 ]
123 silly gunzTarPerm extractEntry deps/hiredis/sds.c
124 silly gunzTarPerm modified mode [ 'deps/hiredis/sds.c', 420, 438 ]
125 silly gunzTarPerm extractEntry deps/hiredis/sds.h
126 silly gunzTarPerm modified mode [ 'deps/hiredis/sds.h', 420, 438 ]
127 silly gunzTarPerm extractEntry deps/hiredis/test.c
128 silly gunzTarPerm modified mode [ 'deps/hiredis/test.c', 420, 438 ]
129 silly gunzTarPerm extractEntry deps/hiredis/examples/example-ae.c
130 silly gunzTarPerm modified mode [ 'deps/hiredis/examples/example-ae.c', 420, 438 ]
131 silly gunzTarPerm extractEntry deps/hiredis/examples/example-glib.c
132 silly gunzTarPerm modified mode [ 'deps/hiredis/examples/example-glib.c', 420, 438 ]
133 silly gunzTarPerm extractEntry deps/hiredis/examples/example-libev.c
134 silly gunzTarPerm modified mode [ 'deps/hiredis/examples/example-libev.c', 420, 438 ]
135 silly gunzTarPerm extractEntry deps/hiredis/examples/example-libevent.c
136 silly gunzTarPerm modified mode [ 'deps/hiredis/examples/example-libevent.c', 420, 438 ]
137 silly gunzTarPerm extractEntry deps/hiredis/examples/example-libuv.c
138 silly gunzTarPerm modified mode [ 'deps/hiredis/examples/example-libuv.c', 420, 438 ]
139 silly gunzTarPerm extractEntry deps/hiredis/examples/example.c
140 silly gunzTarPerm modified mode [ 'deps/hiredis/examples/example.c', 420, 438 ]
141 silly gunzTarPerm extractEntry deps/hiredis.gyp
142 silly gunzTarPerm modified mode [ 'deps/hiredis.gyp', 420, 438 ]
143 silly gunzTarPerm extractEntry .travis.yml
144 silly gunzTarPerm modified mode [ '.travis.yml', 420, 438 ]
145 silly gunzTarPerm extractEntry src/hiredis.cc
146 silly gunzTarPerm modified mode [ 'src/hiredis.cc', 420, 438 ]
147 silly gunzTarPerm extractEntry src/reader.cc
148 silly gunzTarPerm modified mode [ 'src/reader.cc', 420, 438 ]
149 silly gunzTarPerm extractEntry src/reader.h
150 silly gunzTarPerm modified mode [ 'src/reader.h', 420, 438 ]
151 silly gunzTarPerm extractEntry CHANGELOG.md
152 silly gunzTarPerm modified mode [ 'CHANGELOG.md', 420, 438 ]
153 silly gunzTarPerm extractEntry run-all.sh
154 silly gunzTarPerm modified mode [ 'run-all.sh', 493, 511 ]
155 silly gunzTarPerm extractEntry test/reader.js
156 silly gunzTarPerm modified mode [ 'test/reader.js', 420, 438 ]
157 silly gunzTarPerm extractEntry test/testlib.js
158 silly gunzTarPerm modified mode [ 'test/testlib.js', 420, 438 ]
159 silly gunzTarPerm extractEntry test/writer.js
160 silly gunzTarPerm modified mode [ 'test/writer.js', 420, 438 ]
161 info preinstall hiredis@0.4.0
162 silly prepareForInstallMany adding bindings@* from hiredis dependencies
163 silly prepareForInstallMany adding nan@^1.8.4 from hiredis dependencies
164 silly cache add args [ 'bindings@*', null ]
165 verbose cache add spec bindings@*
166 silly cache add args [ 'nan@^1.8.4', null ]
167 verbose cache add spec nan@^1.8.4
168 silly cache add parsed spec { raw: 'bindings@*',
168 silly cache add   scope: null,
168 silly cache add   name: 'bindings',
168 silly cache add   rawSpec: '*',
168 silly cache add   spec: '*',
168 silly cache add   type: 'range' }
169 verbose addNamed bindings@*
170 silly addNamed semver.valid null
171 silly addNamed semver.validRange *
172 silly addNameRange { name: 'bindings', range: '*', hasData: false }
173 silly mapToRegistry name bindings
174 silly mapToRegistry using default registry
175 silly mapToRegistry registry https://registry.npmjs.org/
176 silly mapToRegistry uri https://registry.npmjs.org/bindings
177 verbose addNameRange registry:https://registry.npmjs.org/bindings not in flight; fetching
178 silly cache add parsed spec { raw: 'nan@^1.8.4',
178 silly cache add   scope: null,
178 silly cache add   name: 'nan',
178 silly cache add   rawSpec: '^1.8.4',
178 silly cache add   spec: '>=1.8.4 <2.0.0',
178 silly cache add   type: 'range' }
179 verbose addNamed nan@>=1.8.4 <2.0.0
180 silly addNamed semver.valid null
181 silly addNamed semver.validRange >=1.8.4 <2.0.0
182 silly addNameRange { name: 'nan', range: '>=1.8.4 <2.0.0', hasData: false }
183 silly mapToRegistry name nan
184 silly mapToRegistry using default registry
185 silly mapToRegistry registry https://registry.npmjs.org/
186 silly mapToRegistry uri https://registry.npmjs.org/nan
187 verbose addNameRange registry:https://registry.npmjs.org/nan not in flight; fetching
188 verbose request uri https://registry.npmjs.org/bindings
189 verbose request no auth needed
190 info attempt registry request try #1 at 11:54:57
191 verbose etag "9RK4S5X0OXSOK2HUD8YR6PWNW"
192 http request GET https://registry.npmjs.org/bindings
193 verbose request uri https://registry.npmjs.org/nan
194 verbose request no auth needed
195 info attempt registry request try #1 at 11:54:57
196 verbose etag "8OKNOQTK5I3E2DYN4ME7PZ551"
197 http request GET https://registry.npmjs.org/nan
198 http 200 https://registry.npmjs.org/bindings
199 silly get cb [ 200,
199 silly get   { server: 'CouchDB/1.5.0 (Erlang OTP/R16B03)',
199 silly get     etag: '"ADMJ9SS6EQD8EASND8DTMLB6V"',
199 silly get     'content-type': 'application/json',
199 silly get     'cache-control': 'max-age=60',
199 silly get     'content-length': '17957',
199 silly get     'accept-ranges': 'bytes',
199 silly get     date: 'Mon, 15 Jun 2015 08:54:58 GMT',
199 silly get     via: '1.1 varnish',
199 silly get     age: '59',
199 silly get     connection: 'keep-alive',
199 silly get     'x-served-by': 'cache-lhr6325-LHR',
199 silly get     'x-cache': 'HIT',
199 silly get     'x-cache-hits': '1',
199 silly get     'x-timer': 'S1434358498.154976,VS0,VE1',
199 silly get     vary: 'Accept' } ]
200 silly addNameRange number 2 { name: 'bindings', range: '*', hasData: true }
201 silly addNameRange versions [ 'bindings',
201 silly addNameRange   [ '0.0.1',
201 silly addNameRange     '0.1.0',
201 silly addNameRange     '0.1.1',
201 silly addNameRange     '0.2.0',
201 silly addNameRange     '0.2.1',
201 silly addNameRange     '0.2.2',
201 silly addNameRange     '0.2.3',
201 silly addNameRange     '0.2.4',
201 silly addNameRange     '0.3.0',
201 silly addNameRange     '0.4.0',
201 silly addNameRange     '1.0.0',
201 silly addNameRange     '1.1.0',
201 silly addNameRange     '1.1.1',
201 silly addNameRange     '1.2.0',
201 silly addNameRange     '1.2.1' ] ]
202 verbose addNamed bindings@1.2.1
203 silly addNamed semver.valid 1.2.1
204 silly addNamed semver.validRange 1.2.1
205 silly cache afterAdd bindings@1.2.1
206 verbose afterAdd C:\Users\user-it1\AppData\Roaming\npm-cache\bindings\1.2.1\package\package.json not in flight; writing
207 verbose afterAdd C:\Users\user-it1\AppData\Roaming\npm-cache\bindings\1.2.1\package\package.json written
208 http 200 https://registry.npmjs.org/nan
209 silly get cb [ 200,
209 silly get   { server: 'CouchDB/1.5.0 (Erlang OTP/R16B03)',
209 silly get     etag: '"CWMZR9BQ6YD6KL99MGG0CU5U5"',
209 silly get     'content-type': 'application/json',
209 silly get     'cache-control': 'max-age=60',
209 silly get     'content-length': '109590',
209 silly get     'accept-ranges': 'bytes',
209 silly get     date: 'Mon, 15 Jun 2015 08:54:58 GMT',
209 silly get     via: '1.1 varnish',
209 silly get     age: '46',
209 silly get     connection: 'keep-alive',
209 silly get     'x-served-by': 'cache-lhr6323-LHR',
209 silly get     'x-cache': 'HIT',
209 silly get     'x-cache-hits': '96',
209 silly get     'x-timer': 'S1434358498.170371,VS0,VE0',
209 silly get     vary: 'Accept' } ]
210 silly addNameRange number 2 { name: 'nan', range: '>=1.8.4 <2.0.0', hasData: true }
211 silly addNameRange versions [ 'nan',
211 silly addNameRange   [ '0.3.0-wip',
211 silly addNameRange     '0.3.0-wip2',
211 silly addNameRange     '0.3.0',
211 silly addNameRange     '0.3.1',
211 silly addNameRange     '0.3.2',
211 silly addNameRange     '0.4.0',
211 silly addNameRange     '0.4.1',
211 silly addNameRange     '0.4.2',
211 silly addNameRange     '0.4.3',
211 silly addNameRange     '0.4.4',
211 silly addNameRange     '0.5.0',
211 silly addNameRange     '0.5.1',
211 silly addNameRange     '0.5.2',
211 silly addNameRange     '0.6.0',
211 silly addNameRange     '0.7.0',
211 silly addNameRange     '0.7.1',
211 silly addNameRange     '0.8.0',
211 silly addNameRange     '1.0.0',
211 silly addNameRange     '1.1.0',
211 silly addNameRange     '1.1.1',
211 silly addNameRange     '1.1.2',
211 silly addNameRange     '1.2.0',
211 silly addNameRange     '1.3.0',
211 silly addNameRange     '1.4.0',
211 silly addNameRange     '1.4.1',
211 silly addNameRange     '1.5.0',
211 silly addNameRange     '1.4.2',
211 silly addNameRange     '1.4.3',
211 silly addNameRange     '1.5.1',
211 silly addNameRange     '1.5.2',
211 silly addNameRange     '1.6.0',
211 silly addNameRange     '1.5.3',
211 silly addNameRange     '1.6.1',
211 silly addNameRange     '1.6.2',
211 silly addNameRange     '1.7.0',
211 silly addNameRange     '1.8.0',
211 silly addNameRange     '1.8.1',
211 silly addNameRange     '1.8.2',
211 silly addNameRange     '1.8.3',
211 silly addNameRange     '1.8.4' ] ]
212 verbose addNamed nan@1.8.4
213 silly addNamed semver.valid 1.8.4
214 silly addNamed semver.validRange 1.8.4
215 silly cache afterAdd nan@1.8.4
216 verbose afterAdd C:\Users\user-it1\AppData\Roaming\npm-cache\nan\1.8.4\package\package.json not in flight; writing
217 verbose afterAdd C:\Users\user-it1\AppData\Roaming\npm-cache\nan\1.8.4\package\package.json written
218 silly install resolved [ { name: 'bindings',
218 silly install resolved     description: 'Helper module for loading your native module\'s .node file',
218 silly install resolved     keywords: [ 'native', 'addon', 'bindings', 'gyp', 'waf', 'c', 'c++' ],
218 silly install resolved     version: '1.2.1',
218 silly install resolved     author:
218 silly install resolved      { name: 'Nathan Rajlich',
218 silly install resolved        email: 'nathan@tootallnate.net',
218 silly install resolved        url: 'http://tootallnate.net' },
218 silly install resolved     repository:
218 silly install resolved      { type: 'git',
218 silly install resolved        url: 'git://github.com/TooTallNate/node-bindings.git' },
218 silly install resolved     main: './bindings.js',
218 silly install resolved     bugs: { url: 'https://github.com/TooTallNate/node-bindings/issues' },
218 silly install resolved     homepage: 'https://github.com/TooTallNate/node-bindings',
218 silly install resolved     license: 'MIT',
218 silly install resolved     gitHead: 'e404152ee27f8478ccbc7122ee051246e8e5ec02',
218 silly install resolved     _id: 'bindings@1.2.1',
218 silly install resolved     scripts: {},
218 silly install resolved     _shasum: '14ad6113812d2d37d72e67b4cacb4bb726505f11',
218 silly install resolved     _from: 'bindings@*',
218 silly install resolved     _npmVersion: '1.4.14',
218 silly install resolved     _npmUser: { name: 'tootallnate', email: 'nathan@tootallnate.net' },
218 silly install resolved     maintainers: [ [Object], [Object] ],
218 silly install resolved     dist:
218 silly install resolved      { shasum: '14ad6113812d2d37d72e67b4cacb4bb726505f11',
218 silly install resolved        tarball: 'http://registry.npmjs.org/bindings/-/bindings-1.2.1.tgz' },
218 silly install resolved     directories: {},
218 silly install resolved     _resolved: 'https://registry.npmjs.org/bindings/-/bindings-1.2.1.tgz',
218 silly install resolved     readme: 'ERROR: No README data found!' },
218 silly install resolved   { name: 'nan',
218 silly install resolved     version: '1.8.4',
218 silly install resolved     description: 'Native Abstractions for Node.js: C++ header for Node 0.8->0.12 compatibility',
218 silly install resolved     main: 'include_dirs.js',
218 silly install resolved     repository: { type: 'git', url: 'git://github.com/iojs/nan.git' },
218 silly install resolved     scripts:
218 silly install resolved      { test: 'tap --gc test/js/*-test.js',
218 silly install resolved        'rebuild-tests': 'pangyp rebuild --directory test' },
218 silly install resolved     contributors:
218 silly install resolved      [ [Object],
218 silly install resolved        [Object],
218 silly install resolved        [Object],
218 silly install resolved        [Object],
218 silly install resolved        [Object],
218 silly install resolved        [Object],
218 silly install resolved        [Object] ],
218 silly install resolved     devDependencies:
218 silly install resolved      { bindings: '~1.2.1',
218 silly install resolved        'node-gyp': '~1.0.2',
218 silly install resolved        pangyp: '~2.0.1',
218 silly install resolved        tap: '~0.7.1',
218 silly install resolved        xtend: '~4.0.0' },
218 silly install resolved     license: 'MIT',
218 silly install resolved     gitHead: 'ed3bbf4ced0cf7937b4e4164766797f71aa97f3d',
218 silly install resolved     bugs: { url: 'https://github.com/iojs/nan/issues' },
218 silly install resolved     homepage: 'https://github.com/iojs/nan#readme',
218 silly install resolved     _id: 'nan@1.8.4',
218 silly install resolved     _shasum: '3c76b5382eab33e44b758d2813ca9d92e9342f34',
218 silly install resolved     _from: 'nan@>=1.8.4 <2.0.0',
218 silly install resolved     _npmVersion: '2.8.3',
218 silly install resolved     _nodeVersion: '0.12.2',
218 silly install resolved     _npmUser: { name: 'kkoopa', email: 'bbyholm@abo.fi' },
218 silly install resolved     maintainers: [ [Object], [Object] ],
218 silly install resolved     dist:
218 silly install resolved      { shasum: '3c76b5382eab33e44b758d2813ca9d92e9342f34',
218 silly install resolved        tarball: 'http://registry.npmjs.org/nan/-/nan-1.8.4.tgz' },
218 silly install resolved     directories: {},
218 silly install resolved     _resolved: 'https://registry.npmjs.org/nan/-/nan-1.8.4.tgz',
218 silly install resolved     readme: 'ERROR: No README data found!' } ]
219 info install bindings@1.2.1 into d:\projects\node\infrastructure\node_modules\hiredis
220 info install nan@1.8.4 into d:\projects\node\infrastructure\node_modules\hiredis
221 info installOne bindings@1.2.1
222 verbose installOne of bindings to d:\projects\node\infrastructure\node_modules\hiredis not in flight; installing
223 info installOne nan@1.8.4
224 verbose installOne of nan to d:\projects\node\infrastructure\node_modules\hiredis not in flight; installing
225 verbose lock using C:\Users\user-it1\AppData\Roaming\npm-cache\_locks\bindings-56457c989f5f8108.lock for d:\projects\node\infrastructure\node_modules\hiredis\node_modules\bindings
226 verbose lock using C:\Users\user-it1\AppData\Roaming\npm-cache\_locks\nan-c7973eb52068e2eb.lock for d:\projects\node\infrastructure\node_modules\hiredis\node_modules\nan
227 silly install write writing bindings 1.2.1 to d:\projects\node\infrastructure\node_modules\hiredis\node_modules\bindings
228 silly cache addNamed cb bindings@1.2.1
229 verbose unbuild node_modules\hiredis\node_modules\bindings
230 silly install write writing nan 1.8.4 to d:\projects\node\infrastructure\node_modules\hiredis\node_modules\nan
231 silly cache addNamed cb nan@1.8.4
232 verbose unbuild node_modules\hiredis\node_modules\nan
233 verbose gentlyRm vacuuming d:\projects\node\infrastructure\node_modules\hiredis\node_modules\bindings
234 verbose gentlyRm vacuuming d:\projects\node\infrastructure\node_modules\hiredis\node_modules\nan
235 verbose tar unpack C:\Users\user-it1\AppData\Roaming\npm-cache\bindings\1.2.1\package.tgz
236 verbose tar unpacking to d:\projects\node\infrastructure\node_modules\hiredis\node_modules\bindings
237 verbose gentlyRm vacuuming d:\projects\node\infrastructure\node_modules\hiredis\node_modules\bindings
238 verbose tar unpack C:\Users\user-it1\AppData\Roaming\npm-cache\nan\1.8.4\package.tgz
239 verbose tar unpacking to d:\projects\node\infrastructure\node_modules\hiredis\node_modules\nan
240 verbose gentlyRm vacuuming d:\projects\node\infrastructure\node_modules\hiredis\node_modules\nan
241 silly gunzTarPerm modes [ '777', '666' ]
242 silly gunzTarPerm modes [ '777', '666' ]
243 silly gunzTarPerm extractEntry package.json
244 silly gunzTarPerm modified mode [ 'package.json', 420, 438 ]
245 silly gunzTarPerm extractEntry README.md
246 silly gunzTarPerm modified mode [ 'README.md', 420, 438 ]
247 silly gunzTarPerm extractEntry bindings.js
248 silly gunzTarPerm modified mode [ 'bindings.js', 420, 438 ]
249 silly gunzTarPerm extractEntry package.json
250 silly gunzTarPerm modified mode [ 'package.json', 436, 438 ]
251 silly gunzTarPerm extractEntry README.md
252 silly gunzTarPerm modified mode [ 'README.md', 436, 438 ]
253 silly gunzTarPerm extractEntry include_dirs.js
254 silly gunzTarPerm modified mode [ 'include_dirs.js', 436, 438 ]
255 silly gunzTarPerm extractEntry LICENSE.md
256 silly gunzTarPerm modified mode [ 'LICENSE.md', 436, 438 ]
257 silly gunzTarPerm extractEntry .dntrc
258 silly gunzTarPerm modified mode [ '.dntrc', 436, 438 ]
259 silly gunzTarPerm extractEntry appveyor.yml
260 silly gunzTarPerm modified mode [ 'appveyor.yml', 436, 438 ]
261 silly gunzTarPerm extractEntry nan.h
262 silly gunzTarPerm modified mode [ 'nan.h', 436, 438 ]
263 silly gunzTarPerm extractEntry nan_implementation_12_inl.h
264 silly gunzTarPerm modified mode [ 'nan_implementation_12_inl.h', 436, 438 ]
265 silly gunzTarPerm extractEntry nan_implementation_pre_12_inl.h
266 silly gunzTarPerm modified mode [ 'nan_implementation_pre_12_inl.h', 436, 438 ]
267 silly gunzTarPerm extractEntry nan_new.h
268 silly gunzTarPerm modified mode [ 'nan_new.h', 436, 438 ]
269 silly gunzTarPerm extractEntry nan_string_bytes.h
270 silly gunzTarPerm modified mode [ 'nan_string_bytes.h', 436, 438 ]
271 info preinstall bindings@1.2.1
272 silly install resolved []
273 verbose about to build d:\projects\node\infrastructure\node_modules\hiredis\node_modules\bindings
274 info build d:\projects\node\infrastructure\node_modules\hiredis\node_modules\bindings
275 verbose linkStuff [ false,
275 verbose linkStuff   false,
275 verbose linkStuff   false,
275 verbose linkStuff   'd:\\projects\\node\\infrastructure\\node_modules\\hiredis\\node_modules' ]
276 info linkStuff bindings@1.2.1
277 verbose linkBins bindings@1.2.1
278 verbose linkMans bindings@1.2.1
279 verbose rebuildBundles bindings@1.2.1
280 info install bindings@1.2.1
281 info postinstall bindings@1.2.1
282 silly gunzTarPerm extractEntry CHANGELOG.md
283 silly gunzTarPerm modified mode [ 'CHANGELOG.md', 436, 438 ]
284 verbose unlock done using C:\Users\user-it1\AppData\Roaming\npm-cache\_locks\bindings-56457c989f5f8108.lock for d:\projects\node\infrastructure\node_modules\hiredis\node_modules\bindings
285 info preinstall nan@1.8.4
286 silly install resolved []
287 verbose about to build d:\projects\node\infrastructure\node_modules\hiredis\node_modules\nan
288 info build d:\projects\node\infrastructure\node_modules\hiredis\node_modules\nan
289 verbose linkStuff [ false,
289 verbose linkStuff   false,
289 verbose linkStuff   false,
289 verbose linkStuff   'd:\\projects\\node\\infrastructure\\node_modules\\hiredis\\node_modules' ]
290 info linkStuff nan@1.8.4
291 verbose linkBins nan@1.8.4
292 verbose linkMans nan@1.8.4
293 verbose rebuildBundles nan@1.8.4
294 info install nan@1.8.4
295 info postinstall nan@1.8.4
296 verbose unlock done using C:\Users\user-it1\AppData\Roaming\npm-cache\_locks\nan-c7973eb52068e2eb.lock for d:\projects\node\infrastructure\node_modules\hiredis\node_modules\nan
297 verbose about to build d:\projects\node\infrastructure\node_modules\hiredis
298 info build d:\projects\node\infrastructure\node_modules\hiredis
299 verbose linkStuff [ false,
299 verbose linkStuff   false,
299 verbose linkStuff   false,
299 verbose linkStuff   'd:\\projects\\node\\infrastructure\\node_modules' ]
300 info linkStuff hiredis@0.4.0
301 verbose linkBins hiredis@0.4.0
302 verbose linkMans hiredis@0.4.0
303 verbose rebuildBundles hiredis@0.4.0
304 verbose rebuildBundles [ 'bindings', 'nan' ]
305 info install hiredis@0.4.0
306 verbose unsafe-perm in lifecycle true
307 info hiredis@0.4.0 Failed to exec install script
308 verbose unlock done using C:\Users\user-it1\AppData\Roaming\npm-cache\_locks\hiredis-b02f955530223b4b.lock for d:\projects\node\infrastructure\node_modules\hiredis
309 verbose stack Error: hiredis@0.4.0 install: `node-gyp rebuild`
309 verbose stack Exit status 1
309 verbose stack     at ChildProcess.<anonymous> (c:\Users\user-it1\AppData\Roaming\npm\node_modules\npm\lib\utils\lifecycle.js:212:16)
309 verbose stack     at ChildProcess.emit (events.js:98:17)
309 verbose stack     at maybeClose (child_process.js:766:16)
309 verbose stack     at Process.ChildProcess._handle.onexit (child_process.js:833:5)
310 verbose pkgid hiredis@0.4.0
311 verbose cwd d:\projects\node\infrastructure
312 error Windows_NT 6.1.7600
313 error argv "c:\\Users\\user-it1\\AppData\\Local\\atom\\app-0.182.0\\resources\\app\\apm\\bin\\node.exe" "c:\\Users\\user-it1\\AppData\\Roaming\\npm\\node_modules\\npm\\bin\\npm-cli.js" "install" "hiredis"
314 error node v0.10.35
315 error npm  v2.1.7
316 error code ELIFECYCLE
317 error hiredis@0.4.0 install: `node-gyp rebuild`
317 error Exit status 1
318 error Failed at the hiredis@0.4.0 install script.
318 error This is most likely a problem with the hiredis package,
318 error not with npm itself.
318 error Tell the author that this fails on your system:
318 error     node-gyp rebuild
318 error You can get their info via:
318 error     npm owner ls hiredis
318 error There is likely additional logging output above.
319 verbose exit [ 1, true ]
320 verbose unbuild node_modules\hiredis
321 info preuninstall hiredis@0.4.0
322 info uninstall hiredis@0.4.0
323 verbose unbuild rmStuff hiredis@0.4.0 from d:\projects\node\infrastructure\node_modules
324 info postuninstall hiredis@0.4.0
325 verbose gentlyRm vacuuming d:\projects\node\infrastructure\node_modules\hiredis
326 silly gentlyRm purging d:\projects\node\infrastructure\node_modules\hiredis
327 silly gentlyRm quitting because other entries in d:\projects\node\infrastructure\node_modules
