infrastructure@0.2.5 /home/otnesen/Desktop/infrastructure-deploy/infrastructure/core
├── backbone@1.0.0 
├─┬ browserify@1.17.3 
│ ├─┬ buffer-browserify@0.0.5 
│ │ └── base64-js@0.0.2 
│ ├── coffee-script@1.6.2 
│ ├── commondir@0.0.1 
│ ├── console-browserify@0.1.6 
│ ├── crypto-browserify@0.2.3 
│ ├─┬ deputy@0.0.4 
│ │ └── mkdirp@0.3.5 
│ ├─┬ detective@0.2.1 
│ │ └── esprima@0.9.9 
│ ├─┬ http-browserify@0.1.11 
│ │ └── concat-stream@0.0.8 
│ ├── nub@0.0.0 
│ ├─┬ optimist@0.3.7 
│ │ └── wordwrap@0.0.2 
│ ├── resolve@0.2.8 
│ ├─┬ syntax-error@0.0.1 
│ │ └── esprima@0.9.9 
│ └── vm-browserify@0.0.1 
├── colors@0.6.0-1 
├─┬ connect-mongo@0.3.2 
│ └─┬ mongodb@1.2.14 
│   └── bson@0.1.8 
├─┬ express@3.2.4 
│ ├── buffer-crc32@0.2.1 
│ ├── commander@0.6.1 
│ ├─┬ connect@2.7.9 
│ │ ├── bytes@0.2.0 
│ │ ├── formidable@1.0.13 
│ │ ├── pause@0.0.1 
│ │ └── qs@0.6.4 
│ ├── cookie@0.0.5 
│ ├── cookie-signature@1.0.1 
│ ├── debug@0.7.2 
│ ├── fresh@0.1.0 
│ ├── methods@0.0.1 
│ ├── mkdirp@0.3.4 
│ ├── range-parser@0.0.4 
│ └─┬ send@0.1.0 
│   └── mime@1.2.6 
├─┬ i18next@1.6.7 
│ └── cookies@0.3.6 
├─┬ jade@0.30.0 
│ ├── character-parser@1.0.2 
│ ├─┬ commander@1.1.1 
│ │ └── keypress@0.1.0 
│ ├── mkdirp@0.3.5 
│ ├─┬ monocle@0.1.47 
│ │ └─┬ readdirp@0.2.4 
│ │   └─┬ minimatch@0.2.12 
│ │     ├── lru-cache@2.3.0 
│ │     └── sigmund@1.0.0 
│ └─┬ transformers@2.0.1 
│   ├─┬ css@1.0.8 
│   │ ├── css-parse@1.0.4 
│   │ └── css-stringify@1.0.5 
│   ├─┬ promise@2.0.0 
│   │ └── is-promise@1.0.0 
│   └─┬ uglify-js@2.2.5 
│     ├─┬ optimist@0.3.7 
│     │ └── wordwrap@0.0.2 
│     └─┬ source-map@0.1.22 
│       └── amdefine@0.0.5 
├─┬ jasmine-node@1.7.1 
│ ├── coffee-script@1.6.2 
│ ├─┬ gaze@0.3.4 
│ │ ├─┬ fileset@0.1.5 
│ │ │ └─┬ glob@3.2.1 
│ │ │   ├── graceful-fs@1.2.1 
│ │ │   └── inherits@1.0.0 
│ │ └─┬ minimatch@0.2.12 
│ │   ├── lru-cache@2.3.0 
│ │   └── sigmund@1.0.0 
│ ├── jasmine-reporters@0.2.1 
│ ├── mkdirp@0.3.5 
│ ├── requirejs@2.1.6 
│ └── walkdir@0.0.7 
├─┬ sequelize@2.0.0-alpha1 
│ ├── commander@0.6.1 
│ ├── dottie@0.0.6-1 
│ ├── generic-pool@2.0.3 
│ ├── lingo@0.0.5 
│ ├── lodash@1.2.1 
│ ├── moment@1.7.2 
│ ├─┬ mysql@2.0.0-alpha8 
│ │ ├── bignumber.js@1.0.1 
│ │ └── require-all@0.0.3 
│ ├── promise@3.0.1 
│ ├── toposort-class@0.1.4 
│ ├── underscore.string@2.3.1 
│ └── validator@1.1.1 
├── session.socket.io@0.1.6 
├─┬ socket.io@0.9.14 
│ ├── base64id@0.1.0 
│ ├── policyfile@0.0.4 
│ └── redis@0.7.3 
├─┬ socket.io-client@0.9.11 
│ ├─┬ active-x-obfuscator@0.0.1 
│ │ └── zeparser@0.0.5 
│ ├── uglify-js@1.2.5 
│ ├─┬ ws@0.4.25 
│ │ ├── commander@0.6.1 
│ │ ├── options@0.0.5 
│ │ └── tinycolor@0.0.1 
│ └── xmlhttprequest@1.4.2 
├── underscore@1.4.4 
└─┬ walk@2.2.1 
  └─┬ forEachAsync@2.2.0 
    └── sequence@2.2.1 

